13:52:03.261 INFO  manager.ApplicationManager - All tests run in Chrome Driver
13:52:04.980 INFO  manager.ApplicationManager - Current Url---->https://ilcarro-1578153671498.web.app/search
13:52:05.012 INFO  tests.TestBase - start test with name-->addNewCarSuccess
13:52:15.044 INFO  manager.MyListener - New Before find by-->By.xpath: //a[text()=' Logout ']
13:52:15.045 INFO  manager.MyListener - WebDriver start find element-->By.linkText: Log in
13:52:15.147 INFO  manager.MyListener - WebDriver start find element-->By.xpath: //input[@id='email']
13:52:15.317 INFO  manager.MyListener - WebDriver start find element-->By.xpath: //input[@id='password']
13:52:15.457 INFO  manager.MyListener - WebDriver start find element-->By.xpath: //button[@type='submit']
13:52:15.530 INFO  manager.MyListener - WebDriver start find element-->By.xpath: //button[@type='submit']
13:52:16.644 INFO  manager.MyListener - New Before find by-->By.xpath: //button[text()='Ok']
13:52:16.644 INFO  manager.MyListener - WebDriver start find element-->By.xpath: //button[text()='Ok']
13:52:17.734 INFO  manager.MyListener - WebDriver start find element-->By.id: 1
13:52:17.846 INFO  manager.MyListener - WebDriver start find element-->By.id: pickUpPlace
13:52:18.008 INFO  manager.MyListener - WebDriver start find element-->By.cssSelector: div.pac-item
13:52:19.161 INFO  manager.MyListener - WebDriver start find element-->By.id: make
13:52:19.309 INFO  manager.MyListener - WebDriver start find element-->By.id: model
13:52:19.457 INFO  manager.MyListener - WebDriver start find element-->By.id: year
13:52:19.613 INFO  manager.MyListener - WebDriver start find element-->By.id: engine
13:52:19.754 INFO  manager.MyListener - WebDriver start find element-->By.id: fuel
13:52:19.861 INFO  manager.MyListener - WebDriver start find element-->By.id: gear
13:52:19.967 INFO  manager.MyListener - WebDriver start find element-->By.id: wheelsDrive
13:52:20.081 INFO  manager.MyListener - WebDriver start find element-->By.id: doors
13:52:20.263 INFO  manager.MyListener - WebDriver start find element-->By.id: seats
13:52:20.413 INFO  manager.MyListener - WebDriver start find element-->By.id: class
13:52:20.548 INFO  manager.MyListener - WebDriver start find element-->By.id: fuelConsumption
13:52:20.706 INFO  manager.MyListener - WebDriver start find element-->By.id: serialNumber
13:52:20.858 INFO  manager.MyListener - WebDriver start find element-->By.id: price
13:52:21.010 INFO  manager.MyListener - WebDriver start find element-->By.id: distance
13:52:21.176 INFO  manager.MyListener - WebDriver start find element-->By.cssSelector: input[placeholder='Type feature']
13:52:21.334 INFO  manager.MyListener - WebDriver start find element-->By.id: about
13:52:21.469 INFO  manager.MyListener - WebDriver start find element-->By.id: photos
13:52:21.535 INFO  manager.MyListener - WebDriver start find element-->By.xpath: //button[@type='submit']
13:52:24.753 INFO  manager.MyListener - WebDriver start find element-->By.xpath: //button[@type='submit']
13:52:26.813 INFO  manager.MyListener - WebDriver start find element-->By.cssSelector: div.dialog-container
13:52:26.848 INFO  manager.MyListener - WebDriver start find element-->By.cssSelector: div.dialog-container h1
13:52:26.885 INFO  manager.MyListener - WebDriver start find element-->By.xpath: //button[text()='Search cars']
13:52:26.944 INFO  tests.TestBase - start test with name-->loginNegativeTestsWrongEmail
13:52:26.974 INFO  manager.MyListener - New Before find by-->By.xpath: //a[text()=' Logout ']
13:52:26.975 INFO  manager.MyListener - WebDriver start find element-->By.xpath: //a[text()=' Logout ']
13:52:27.119 INFO  tests.TestBase - Test start with logout
13:52:27.119 INFO  manager.MyListener - WebDriver start find element-->By.linkText: Log in
13:52:27.195 INFO  manager.MyListener - WebDriver start find element-->By.xpath: //input[@id='email']
13:52:27.950 INFO  manager.MyListener - WebDriver start find element-->By.xpath: //input[@id='password']
13:52:28.105 INFO  manager.MyListener - WebDriver start find element-->By.xpath: //button[@type='submit']
13:52:43.433 INFO  manager.MyListener - New Before find by-->By.xpath: //button[text()='Ok']
13:52:43.439 INFO  tests.TestBase - start test with name-->successLogin
13:52:53.479 INFO  manager.MyListener - New Before find by-->By.xpath: //a[text()=' Logout ']
13:52:53.486 INFO  tests.TestBase - Test start with email:noa@gmail.com & password: Nnoa12345$
13:52:53.486 INFO  manager.MyListener - WebDriver start find element-->By.linkText: Log in
13:52:53.560 INFO  manager.MyListener - WebDriver start find element-->By.xpath: //input[@id='email']
13:52:54.226 INFO  manager.MyListener - WebDriver start find element-->By.xpath: //input[@id='password']
13:52:54.364 INFO  manager.MyListener - WebDriver start find element-->By.xpath: //button[@type='submit']
13:52:54.412 INFO  manager.MyListener - WebDriver start find element-->By.xpath: //button[@type='submit']
13:52:56.475 INFO  manager.MyListener - WebDriver start find element-->By.cssSelector: div.dialog-container
13:52:56.512 INFO  manager.MyListener - WebDriver start find element-->By.cssSelector: div.dialog-container h1
13:52:56.544 INFO  tests.TestBase - Test passed
13:52:56.558 INFO  manager.MyListener - New Before find by-->By.xpath: //button[text()='Ok']
13:52:56.559 INFO  manager.MyListener - WebDriver start find element-->By.xpath: //button[text()='Ok']
13:52:56.612 INFO  tests.TestBase - start test with name-->successLogin
13:52:56.626 INFO  manager.MyListener - New Before find by-->By.xpath: //a[text()=' Logout ']
13:52:56.626 INFO  manager.MyListener - WebDriver start find element-->By.xpath: //a[text()=' Logout ']
13:52:56.710 INFO  tests.TestBase - Test start with logout
13:52:56.711 INFO  tests.TestBase - Test start with email:sonya@gmail.com & password: Ss12345$
13:52:56.711 INFO  manager.MyListener - WebDriver start find element-->By.linkText: Log in
13:52:56.781 INFO  manager.MyListener - WebDriver start find element-->By.xpath: //input[@id='email']
13:52:57.491 INFO  manager.MyListener - WebDriver start find element-->By.xpath: //input[@id='password']
13:52:57.612 INFO  manager.MyListener - WebDriver start find element-->By.xpath: //button[@type='submit']
13:52:57.651 INFO  manager.MyListener - WebDriver start find element-->By.xpath: //button[@type='submit']
13:52:59.714 INFO  manager.MyListener - WebDriver start find element-->By.cssSelector: div.dialog-container
13:52:59.742 INFO  manager.MyListener - WebDriver start find element-->By.cssSelector: div.dialog-container h1
13:52:59.770 INFO  tests.TestBase - Test passed
13:52:59.784 INFO  manager.MyListener - New Before find by-->By.xpath: //button[text()='Ok']
13:52:59.784 INFO  manager.MyListener - WebDriver start find element-->By.xpath: //button[text()='Ok']
13:52:59.831 INFO  tests.TestBase - start test with name-->successLogin
13:52:59.846 INFO  manager.MyListener - New Before find by-->By.xpath: //a[text()=' Logout ']
13:52:59.847 INFO  manager.MyListener - WebDriver start find element-->By.xpath: //a[text()=' Logout ']
13:52:59.930 INFO  tests.TestBase - Test start with logout
13:52:59.931 INFO  tests.TestBase - Test start with email:noa@gmail.com & password: Nnoa12345$
13:52:59.931 INFO  manager.MyListener - WebDriver start find element-->By.linkText: Log in
13:52:59.996 INFO  manager.MyListener - WebDriver start find element-->By.xpath: //input[@id='email']
13:53:00.707 INFO  manager.MyListener - WebDriver start find element-->By.xpath: //input[@id='password']
13:53:00.821 INFO  manager.MyListener - WebDriver start find element-->By.xpath: //button[@type='submit']
13:53:00.861 INFO  manager.MyListener - WebDriver start find element-->By.xpath: //button[@type='submit']
13:53:02.918 INFO  manager.MyListener - WebDriver start find element-->By.cssSelector: div.dialog-container
13:53:02.946 INFO  manager.MyListener - WebDriver start find element-->By.cssSelector: div.dialog-container h1
13:53:02.973 INFO  tests.TestBase - Test passed
13:53:02.988 INFO  manager.MyListener - New Before find by-->By.xpath: //button[text()='Ok']
13:53:02.988 INFO  manager.MyListener - WebDriver start find element-->By.xpath: //button[text()='Ok']
13:53:03.036 INFO  tests.TestBase - start test with name-->successLogin
13:53:03.052 INFO  manager.MyListener - New Before find by-->By.xpath: //a[text()=' Logout ']
13:53:03.052 INFO  manager.MyListener - WebDriver start find element-->By.xpath: //a[text()=' Logout ']
13:53:03.138 INFO  tests.TestBase - Test start with logout
13:53:03.139 INFO  tests.TestBase - Test start with email:sonya@gmail.com & password: Ss12345$
13:53:03.139 INFO  manager.MyListener - WebDriver start find element-->By.linkText: Log in
13:53:03.215 INFO  manager.MyListener - WebDriver start find element-->By.xpath: //input[@id='email']
13:53:03.925 INFO  manager.MyListener - WebDriver start find element-->By.xpath: //input[@id='password']
13:53:04.054 INFO  manager.MyListener - WebDriver start find element-->By.xpath: //button[@type='submit']
13:53:04.096 INFO  manager.MyListener - WebDriver start find element-->By.xpath: //button[@type='submit']
13:53:06.157 INFO  manager.MyListener - WebDriver start find element-->By.cssSelector: div.dialog-container
13:53:06.183 INFO  manager.MyListener - WebDriver start find element-->By.cssSelector: div.dialog-container h1
13:53:06.211 INFO  tests.TestBase - Test passed
13:53:06.224 INFO  manager.MyListener - New Before find by-->By.xpath: //button[text()='Ok']
13:53:06.224 INFO  manager.MyListener - WebDriver start find element-->By.xpath: //button[text()='Ok']
13:53:06.273 INFO  tests.TestBase - start test with name-->registrationSuccess
13:53:06.287 INFO  manager.MyListener - New Before find by-->By.xpath: //a[text()=' Logout ']
13:53:06.288 INFO  manager.MyListener - WebDriver start find element-->By.xpath: //a[text()=' Logout ']
13:53:06.378 INFO  manager.MyListener - WebDriver start find element-->By.xpath: //a[text()=' Sign up ']
13:53:06.461 INFO  manager.MyListener - WebDriver start find element-->By.id: name
13:53:06.586 INFO  manager.MyListener - WebDriver start find element-->By.id: lastName
13:53:06.707 INFO  manager.MyListener - WebDriver start find element-->By.id: email
13:53:06.863 INFO  manager.MyListener - WebDriver start find element-->By.id: password
13:53:06.997 INFO  manager.MyListener - WebDriver start find element-->By.cssSelector: label[for='terms-of-use']
13:53:07.171 INFO  manager.MyListener - WebDriver start find element-->By.xpath: //button[@type='submit']
13:53:07.212 INFO  manager.MyListener - WebDriver start find element-->By.xpath: //button[@type='submit']
13:53:09.275 INFO  manager.MyListener - WebDriver start find element-->By.cssSelector: div.dialog-container
13:53:09.302 INFO  manager.MyListener - WebDriver start find element-->By.cssSelector: div.dialog-container h1
13:53:09.343 INFO  manager.MyListener - New Before find by-->By.xpath: //button[text()='Ok']
13:53:09.344 INFO  manager.MyListener - WebDriver start find element-->By.xpath: //button[text()='Ok']
13:53:09.396 INFO  tests.TestBase - start test with name-->registrationSuccess2
13:53:09.411 INFO  manager.MyListener - New Before find by-->By.xpath: //a[text()=' Logout ']
13:53:09.411 INFO  manager.MyListener - WebDriver start find element-->By.xpath: //a[text()=' Logout ']
13:53:09.522 INFO  manager.MyListener - WebDriver start find element-->By.xpath: //a[text()=' Sign up ']
13:53:09.586 INFO  manager.MyListener - WebDriver start find element-->By.id: name
13:53:09.708 INFO  manager.MyListener - WebDriver start find element-->By.id: lastName
13:53:09.821 INFO  manager.MyListener - WebDriver start find element-->By.id: email
13:53:09.964 INFO  manager.MyListener - WebDriver start find element-->By.id: password
13:53:10.083 INFO  manager.MyListener - WebDriver start find element-->By.cssSelector: label[for='terms-of-use']
13:53:10.234 INFO  manager.MyListener - WebDriver start find element-->By.xpath: //button[@type='submit']
13:53:10.272 INFO  manager.MyListener - WebDriver start find element-->By.xpath: //button[@type='submit']
13:53:12.335 INFO  manager.MyListener - WebDriver start find element-->By.cssSelector: div.dialog-container
13:53:12.361 INFO  manager.MyListener - WebDriver start find element-->By.cssSelector: div.dialog-container h1
13:53:12.402 INFO  manager.MyListener - New Before find by-->By.xpath: //button[text()='Ok']
13:53:12.402 INFO  manager.MyListener - WebDriver start find element-->By.xpath: //button[text()='Ok']
13:53:12.452 INFO  tests.TestBase - start test with name-->registrationSuccess2
13:53:12.465 INFO  manager.MyListener - New Before find by-->By.xpath: //a[text()=' Logout ']
13:53:12.466 INFO  manager.MyListener - WebDriver start find element-->By.xpath: //a[text()=' Logout ']
13:53:12.560 INFO  manager.MyListener - WebDriver start find element-->By.xpath: //a[text()=' Sign up ']
13:53:12.629 INFO  manager.MyListener - WebDriver start find element-->By.id: name
13:53:12.755 INFO  manager.MyListener - WebDriver start find element-->By.id: lastName
13:53:12.863 INFO  manager.MyListener - WebDriver start find element-->By.id: email
13:53:12.999 INFO  manager.MyListener - WebDriver start find element-->By.id: password
13:53:13.134 INFO  manager.MyListener - WebDriver start find element-->By.cssSelector: label[for='terms-of-use']
13:53:13.289 INFO  manager.MyListener - WebDriver start find element-->By.xpath: //button[@type='submit']
13:53:13.329 INFO  manager.MyListener - WebDriver start find element-->By.xpath: //button[@type='submit']
13:53:15.382 INFO  manager.MyListener - WebDriver start find element-->By.cssSelector: div.dialog-container
13:53:15.408 INFO  manager.MyListener - WebDriver start find element-->By.cssSelector: div.dialog-container h1
13:53:15.447 INFO  manager.MyListener - New Before find by-->By.xpath: //button[text()='Ok']
13:53:15.447 INFO  manager.MyListener - WebDriver start find element-->By.xpath: //button[text()='Ok']
13:53:15.495 INFO  tests.TestBase - start test with name-->registrationSuccess2
13:53:15.510 INFO  manager.MyListener - New Before find by-->By.xpath: //a[text()=' Logout ']
13:53:15.510 INFO  manager.MyListener - WebDriver start find element-->By.xpath: //a[text()=' Logout ']
13:53:15.584 INFO  manager.MyListener - WebDriver start find element-->By.xpath: //a[text()=' Sign up ']
13:53:15.646 INFO  manager.MyListener - WebDriver start find element-->By.id: name
13:53:15.787 INFO  manager.MyListener - WebDriver start find element-->By.id: lastName
13:53:15.900 INFO  manager.MyListener - WebDriver start find element-->By.id: email
13:53:16.058 INFO  manager.MyListener - WebDriver start find element-->By.id: password
13:53:16.190 INFO  manager.MyListener - WebDriver start find element-->By.cssSelector: label[for='terms-of-use']
13:53:16.333 INFO  manager.MyListener - WebDriver start find element-->By.xpath: //button[@type='submit']
13:53:16.376 INFO  manager.MyListener - WebDriver start find element-->By.xpath: //button[@type='submit']
13:53:18.432 INFO  manager.MyListener - WebDriver start find element-->By.cssSelector: div.dialog-container
13:53:18.458 INFO  manager.MyListener - WebDriver start find element-->By.cssSelector: div.dialog-container h1
13:53:18.497 INFO  manager.MyListener - New Before find by-->By.xpath: //button[text()='Ok']
13:53:18.497 INFO  manager.MyListener - WebDriver start find element-->By.xpath: //button[text()='Ok']
13:53:18.543 INFO  tests.TestBase - start test with name-->registrationWrongPasswordFormat
13:53:18.558 INFO  manager.MyListener - New Before find by-->By.xpath: //a[text()=' Logout ']
13:53:18.558 INFO  manager.MyListener - WebDriver start find element-->By.xpath: //a[text()=' Logout ']
13:53:18.636 INFO  manager.MyListener - WebDriver start find element-->By.xpath: //a[text()=' Sign up ']
13:53:18.702 INFO  manager.MyListener - WebDriver start find element-->By.id: name
13:53:18.828 INFO  manager.MyListener - WebDriver start find element-->By.id: lastName
13:53:18.959 INFO  manager.MyListener - WebDriver start find element-->By.id: email
13:53:19.088 INFO  manager.MyListener - WebDriver start find element-->By.id: password
13:53:19.200 INFO  manager.MyListener - WebDriver start find element-->By.cssSelector: label[for='terms-of-use']
13:53:19.365 INFO  manager.MyListener - WebDriver start find element-->By.cssSelector: div.error div:last-child
13:53:19.401 INFO  manager.MyListener - WebDriver start find element-->By.cssSelector: div.error div:first-child
13:53:19.454 INFO  manager.MyListener - New Before find by-->By.cssSelector: button[disabled]
13:53:19.454 INFO  manager.MyListener - WebDriver start find element-->By.cssSelector: [type='submit']
13:53:29.530 INFO  manager.MyListener - New Before find by-->By.xpath: //button[text()='Ok']
13:53:29.531 INFO  tests.TestBase - start test with name-->searchAnyPeriod
13:53:29.532 INFO  manager.MyListener - WebDriver start find element-->By.id: city
13:53:39.574 INFO  manager.MyListener - The name of method with Error--->findElement
13:53:39.575 INFO  manager.MyListener - We have a problem--->org.openqa.selenium.NoSuchElementException: no such element: Unable to locate element: {"method":"css selector","selector":"#city"}
  (Session info: chrome=103.0.5060.134)
For documentation on this error, please visit: https://selenium.dev/exceptions/#no_such_element
Build info: version: '4.1.4', revision: '535d840ee2'
System info: host: 'BENNY-PC', ip: '192.168.56.1', os.name: 'Windows 10', os.arch: 'amd64', os.version: '10.0', java.version: '11.0.15.1'
Driver info: org.openqa.selenium.chrome.ChromeDriver
Command: [aeb47c00911fc4367c9b9d5a4a364c85, findElement {using=id, value=city}]
Capabilities {acceptInsecureCerts: false, browserName: chrome, browserVersion: 103.0.5060.134, chrome: {chromedriverVersion: 103.0.5060.134 (8ec6fce403b..., userDataDir: C:\Users\Alla\AppData\Local...}, goog:chromeOptions: {debuggerAddress: localhost:57734}, javascriptEnabled: true, networkConnectionEnabled: false, pageLoadStrategy: normal, platform: WINDOWS, platformName: WINDOWS, proxy: Proxy(), se:cdp: ws://localhost:57734/devtoo..., se:cdpVersion: 103.0.5060.134, setWindowRect: true, strictFileInteractability: false, timeouts: {implicit: 0, pageLoad: 300000, script: 30000}, unhandledPromptBehavior: dismiss and notify, webauthn:extension:credBlob: true, webauthn:extension:largeBlob: true, webauthn:virtualAuthenticators: true}
Session ID: aeb47c00911fc4367c9b9d5a4a364c85
13:53:39.576 INFO  manager.MyListener - WebDriver start find element-->By.cssSelector: .logo
13:53:39.994 INFO  tests.TestBase - start test with name-->searchCurrentMonth
13:53:39.995 INFO  manager.MyListener - WebDriver start find element-->By.id: city
13:53:40.658 INFO  manager.MyListener - WebDriver start find element-->By.cssSelector: .pac-item
13:53:40.714 INFO  manager.MyListener - WebDriver start find element-->By.id: dates
13:53:40.798 INFO  manager.MyListener - WebDriver start find element-->By.id: dates
13:53:40.920 INFO  manager.MyListener - WebDriver start find element-->By.xpath: //div[text()=' 28 ']
13:53:41.011 INFO  manager.MyListener - WebDriver start find element-->By.xpath: //div[text()=' 27 ']
13:53:41.092 INFO  manager.MyListener - WebDriver start find element-->By.xpath: //button[@type='submit']
13:53:41.136 INFO  manager.MyListener - WebDriver start find element-->By.xpath: //button[@type='submit']
13:53:42.269 INFO  manager.MyListener - New Before find by-->By.cssSelector: .cars-container.ng-star-inserted
13:53:42.486 INFO  manager.MyListener - WebDriver start find element-->By.cssSelector: .logo
13:53:42.753 INFO  tests.TestBase - start test with name-->searchCurrentYear
13:53:42.754 INFO  manager.MyListener - WebDriver start find element-->By.id: city
13:53:43.456 INFO  manager.MyListener - WebDriver start find element-->By.cssSelector: .pac-item
13:53:43.510 INFO  manager.MyListener - WebDriver start find element-->By.id: dates
13:53:43.590 INFO  manager.MyListener - WebDriver start find element-->By.id: dates
13:53:43.676 INFO  manager.MyListener - WebDriver start find element-->By.xpath: //button[@aria-label='Next month']
13:53:43.763 INFO  manager.MyListener - WebDriver start find element-->By.xpath: //div[text()=' 10 ']
13:53:43.861 INFO  manager.MyListener - WebDriver start find element-->By.xpath: //button[@aria-label='Next month']
13:53:43.936 INFO  manager.MyListener - WebDriver start find element-->By.xpath: //button[@aria-label='Next month']
13:53:44.013 INFO  manager.MyListener - WebDriver start find element-->By.xpath: //div[text()=' 20 ']
13:53:44.112 INFO  manager.MyListener - WebDriver start find element-->By.xpath: //button[@type='submit']
13:53:44.163 INFO  manager.MyListener - WebDriver start find element-->By.xpath: //button[@type='submit']
13:53:44.986 INFO  manager.MyListener - New Before find by-->By.cssSelector: .cars-container.ng-star-inserted
13:53:45.295 INFO  manager.MyListener - WebDriver start find element-->By.cssSelector: .logo
13:53:45.523 INFO  tests.TestBase - start test with name-->searchCurrentYearLocalDate
13:53:45.524 INFO  manager.MyListener - WebDriver start find element-->By.id: city
13:53:46.199 INFO  manager.MyListener - WebDriver start find element-->By.cssSelector: .pac-item
13:53:46.249 INFO  manager.MyListener - WebDriver start find element-->By.id: dates
13:53:46.342 INFO  manager.MyListener - WebDriver start find element-->By.id: dates
13:53:46.425 INFO  manager.MyListener - WebDriver start find element-->By.xpath: //button[@aria-label='Next month']
13:53:46.499 INFO  manager.MyListener - WebDriver start find element-->By.xpath: //div[text()=' 10 ']
13:53:46.575 INFO  manager.MyListener - WebDriver start find element-->By.xpath: //button[@aria-label='Next month']
13:53:46.641 INFO  manager.MyListener - WebDriver start find element-->By.xpath: //button[@aria-label='Next month']
13:53:46.701 INFO  manager.MyListener - WebDriver start find element-->By.xpath: //div[text()=' 20 ']
13:53:46.775 INFO  manager.MyListener - WebDriver start find element-->By.xpath: //button[@type='submit']
13:53:46.807 INFO  manager.MyListener - WebDriver start find element-->By.xpath: //button[@type='submit']
13:53:47.925 INFO  manager.MyListener - New Before find by-->By.cssSelector: .cars-container.ng-star-inserted
13:53:48.248 INFO  manager.MyListener - WebDriver start find element-->By.cssSelector: .logo
13:53:48.477 INFO  tests.TestBase - start test with name-->searchNextMonth
13:53:48.477 INFO  manager.MyListener - WebDriver start find element-->By.id: city
13:53:49.170 INFO  manager.MyListener - WebDriver start find element-->By.cssSelector: .pac-item
13:53:49.219 INFO  manager.MyListener - WebDriver start find element-->By.id: dates
13:53:49.296 INFO  manager.MyListener - WebDriver start find element-->By.id: dates
13:53:49.345 INFO  manager.MyListener - WebDriver start find element-->By.id: dates
13:53:49.425 INFO  manager.MyListener - WebDriver start find element-->By.xpath: //button[@aria-label='Next month']
13:53:49.499 INFO  manager.MyListener - WebDriver start find element-->By.xpath: //div[text()=' 28 ']
13:53:49.577 INFO  manager.MyListener - WebDriver start find element-->By.xpath: //div[text()=' 27 ']
13:53:49.651 INFO  manager.MyListener - WebDriver start find element-->By.xpath: //button[@type='submit']
13:53:49.686 INFO  manager.MyListener - WebDriver start find element-->By.xpath: //button[@type='submit']
13:53:50.647 INFO  manager.MyListener - New Before find by-->By.cssSelector: .cars-container.ng-star-inserted
13:53:51.155 INFO  manager.MyListener - WebDriver start find element-->By.cssSelector: .logo
13:53:51.379 INFO  tests.TestBase - start test with name-->searchPeriodPast
13:53:51.379 INFO  manager.MyListener - WebDriver start find element-->By.id: city
13:53:52.056 INFO  manager.MyListener - WebDriver start find element-->By.cssSelector: .pac-item
13:53:52.104 INFO  manager.MyListener - WebDriver start find element-->By.id: dates
13:53:52.186 INFO  manager.MyListener - WebDriver start find element-->By.id: dates
13:53:52.373 INFO  manager.MyListener - WebDriver start find element-->By.cssSelector: .cdk-overlay-container
13:53:52.442 INFO  manager.MyListener - WebDriver start find element-->By.xpath: //button[@type='submit']
13:53:52.501 INFO  manager.MyListener - New Before find by-->By.cssSelector: button[disabled]
13:53:52.501 INFO  manager.MyListener - WebDriver start find element-->By.cssSelector: [type='submit']
13:53:52.522 INFO  manager.MyListener - WebDriver start find element-->By.cssSelector: div.error div
13:53:52.552 INFO  manager.MyListener - WebDriver start find element-->By.cssSelector: .logo
