18:08:38.549 INFO  manager.ApplicationManager - All tests run in Chrome Driver
18:08:40.152 INFO  manager.ApplicationManager - Current Url---->https://ilcarro-1578153671498.web.app/search
18:08:40.207 INFO  tests.TestBase - start test with name-->addNewCarSuccess2
18:08:50.263 INFO  manager.MyListener - New Before find by-->By.xpath: //a[text()=' Logout ']
18:08:50.265 INFO  manager.MyListener - WebDriver start find element-->By.linkText: Log in
18:08:50.369 INFO  manager.MyListener - WebDriver start find element-->By.xpath: //input[@id='email']
18:08:50.536 INFO  manager.MyListener - WebDriver start find element-->By.xpath: //input[@id='password']
18:08:50.675 INFO  manager.MyListener - WebDriver start find element-->By.xpath: //button[@type='submit']
18:08:50.746 INFO  manager.MyListener - WebDriver start find element-->By.xpath: //button[@type='submit']
18:08:56.465 INFO  manager.MyListener - New Before find by-->By.xpath: //button[text()='Ok']
18:08:56.465 INFO  manager.MyListener - WebDriver start find element-->By.xpath: //button[text()='Ok']
18:08:57.651 INFO  manager.MyListener - WebDriver start find element-->By.id: 1
18:08:57.777 INFO  manager.MyListener - WebDriver start find element-->By.id: pickUpPlace
18:08:57.960 INFO  manager.MyListener - WebDriver start find element-->By.cssSelector: div.pac-item
18:08:58.923 INFO  manager.MyListener - WebDriver start find element-->By.id: make
18:08:59.055 INFO  manager.MyListener - WebDriver start find element-->By.id: model
18:08:59.187 INFO  manager.MyListener - WebDriver start find element-->By.id: year
18:08:59.327 INFO  manager.MyListener - WebDriver start find element-->By.id: engine
18:08:59.457 INFO  manager.MyListener - WebDriver start find element-->By.id: fuel
18:08:59.554 INFO  manager.MyListener - WebDriver start find element-->By.id: gear
18:08:59.645 INFO  manager.MyListener - WebDriver start find element-->By.id: wheelsDrive
18:08:59.749 INFO  manager.MyListener - WebDriver start find element-->By.id: doors
18:08:59.904 INFO  manager.MyListener - WebDriver start find element-->By.id: seats
18:09:00.047 INFO  manager.MyListener - WebDriver start find element-->By.id: class
18:09:00.170 INFO  manager.MyListener - WebDriver start find element-->By.id: fuelConsumption
18:09:00.311 INFO  manager.MyListener - WebDriver start find element-->By.id: serialNumber
18:09:00.459 INFO  manager.MyListener - WebDriver start find element-->By.id: price
18:09:00.602 INFO  manager.MyListener - WebDriver start find element-->By.id: distance
18:09:00.757 INFO  manager.MyListener - WebDriver start find element-->By.cssSelector: input[placeholder='Type feature']
18:09:00.888 INFO  manager.MyListener - WebDriver start find element-->By.id: about
18:09:01.017 INFO  manager.MyListener - WebDriver start find element-->By.id: photos
18:09:01.081 INFO  manager.MyListener - WebDriver start find element-->By.xpath: //button[@type='submit']
18:09:03.237 INFO  manager.MyListener - WebDriver start find element-->By.xpath: //button[@type='submit']
18:09:05.311 INFO  manager.MyListener - WebDriver start find element-->By.cssSelector: div.dialog-container
18:09:05.348 INFO  manager.MyListener - WebDriver start find element-->By.cssSelector: div.dialog-container h1
18:09:05.386 INFO  manager.MyListener - WebDriver start find element-->By.xpath: //button[text()='Search cars']
18:09:05.448 INFO  tests.TestBase - start test with name-->addNewCarSuccess2
18:09:05.468 INFO  manager.MyListener - New Before find by-->By.xpath: //a[text()=' Logout ']
18:09:06.477 INFO  manager.MyListener - WebDriver start find element-->By.id: 1
18:09:06.561 INFO  manager.MyListener - WebDriver start find element-->By.id: pickUpPlace
18:09:06.696 INFO  manager.MyListener - WebDriver start find element-->By.cssSelector: div.pac-item
18:09:07.505 INFO  manager.MyListener - WebDriver start find element-->By.id: make
18:09:07.629 INFO  manager.MyListener - WebDriver start find element-->By.id: model
18:09:07.761 INFO  manager.MyListener - WebDriver start find element-->By.id: year
18:09:07.896 INFO  manager.MyListener - WebDriver start find element-->By.id: engine
18:09:08.019 INFO  manager.MyListener - WebDriver start find element-->By.id: fuel
18:09:08.107 INFO  manager.MyListener - WebDriver start find element-->By.id: gear
18:09:08.195 INFO  manager.MyListener - WebDriver start find element-->By.id: wheelsDrive
18:09:08.284 INFO  manager.MyListener - WebDriver start find element-->By.id: doors
18:09:08.410 INFO  manager.MyListener - WebDriver start find element-->By.id: seats
18:09:08.567 INFO  manager.MyListener - WebDriver start find element-->By.id: class
18:09:08.687 INFO  manager.MyListener - WebDriver start find element-->By.id: fuelConsumption
18:09:08.826 INFO  manager.MyListener - WebDriver start find element-->By.id: serialNumber
18:09:08.961 INFO  manager.MyListener - WebDriver start find element-->By.id: price
18:09:09.091 INFO  manager.MyListener - WebDriver start find element-->By.id: distance
18:09:09.225 INFO  manager.MyListener - WebDriver start find element-->By.cssSelector: input[placeholder='Type feature']
18:09:09.350 INFO  manager.MyListener - WebDriver start find element-->By.id: about
18:09:09.477 INFO  manager.MyListener - WebDriver start find element-->By.id: photos
18:09:09.528 INFO  manager.MyListener - WebDriver start find element-->By.xpath: //button[@type='submit']
18:09:11.147 INFO  manager.MyListener - WebDriver start find element-->By.xpath: //button[@type='submit']
18:09:13.209 INFO  manager.MyListener - WebDriver start find element-->By.cssSelector: div.dialog-container
18:09:13.247 INFO  manager.MyListener - WebDriver start find element-->By.cssSelector: div.dialog-container h1
18:09:13.280 INFO  manager.MyListener - WebDriver start find element-->By.xpath: //button[text()='Search cars']
