13:51:01.304 INFO  manager.ApplicationManager - All tests run in Chrome Driver
13:51:03.955 INFO  manager.ApplicationManager - Current Url---->https://ilcarro-1578153671498.web.app/search
13:51:03.992 INFO  tests.TestBase - start test with name-->registrationSuccess2
13:51:14.008 INFO  manager.MyListener - New Before find by-->By.xpath: //a[text()=' Logout ']
13:51:14.023 INFO  manager.MyListener - WebDriver start find element-->By.xpath: //a[text()=' Sign up ']
13:51:14.150 INFO  manager.MyListener - WebDriver start find element-->By.id: name
13:51:14.354 INFO  manager.MyListener - WebDriver start find element-->By.id: lastName
13:51:14.481 INFO  manager.MyListener - WebDriver start find element-->By.id: email
13:51:14.643 INFO  manager.MyListener - WebDriver start find element-->By.id: password
13:51:14.774 INFO  manager.MyListener - WebDriver start find element-->By.cssSelector: label[for='terms-of-use']
13:51:14.970 INFO  manager.MyListener - WebDriver start find element-->By.xpath: //button[@type='submit']
13:51:15.053 INFO  manager.MyListener - WebDriver start find element-->By.xpath: //button[@type='submit']
13:51:17.130 INFO  manager.MyListener - WebDriver start find element-->By.cssSelector: div.dialog-container
13:51:17.179 INFO  manager.MyListener - WebDriver start find element-->By.cssSelector: div.dialog-container h1
13:51:17.252 INFO  manager.MyListener - New Before find by-->By.xpath: //button[text()='Ok']
13:51:17.253 INFO  manager.MyListener - WebDriver start find element-->By.xpath: //button[text()='Ok']
13:51:17.322 INFO  tests.TestBase - start test with name-->registrationSuccess2
13:51:17.355 INFO  manager.MyListener - New Before find by-->By.xpath: //a[text()=' Logout ']
13:51:17.355 INFO  manager.MyListener - WebDriver start find element-->By.xpath: //a[text()=' Logout ']
13:51:17.483 INFO  manager.MyListener - WebDriver start find element-->By.xpath: //a[text()=' Sign up ']
13:51:17.566 INFO  manager.MyListener - WebDriver start find element-->By.id: name
13:51:17.700 INFO  manager.MyListener - WebDriver start find element-->By.id: lastName
13:51:17.828 INFO  manager.MyListener - WebDriver start find element-->By.id: email
13:51:18.002 INFO  manager.MyListener - WebDriver start find element-->By.id: password
13:51:18.147 INFO  manager.MyListener - WebDriver start find element-->By.cssSelector: label[for='terms-of-use']
13:51:18.316 INFO  manager.MyListener - WebDriver start find element-->By.xpath: //button[@type='submit']
13:51:18.371 INFO  manager.MyListener - WebDriver start find element-->By.xpath: //button[@type='submit']
13:51:20.447 INFO  manager.MyListener - WebDriver start find element-->By.cssSelector: div.dialog-container
13:51:20.479 INFO  manager.MyListener - WebDriver start find element-->By.cssSelector: div.dialog-container h1
13:51:20.522 INFO  manager.MyListener - New Before find by-->By.xpath: //button[text()='Ok']
13:51:20.523 INFO  manager.MyListener - WebDriver start find element-->By.xpath: //button[text()='Ok']
13:51:20.574 INFO  tests.TestBase - start test with name-->registrationSuccess2
13:51:20.591 INFO  manager.MyListener - New Before find by-->By.xpath: //a[text()=' Logout ']
13:51:20.591 INFO  manager.MyListener - WebDriver start find element-->By.xpath: //a[text()=' Logout ']
13:51:20.683 INFO  manager.MyListener - WebDriver start find element-->By.xpath: //a[text()=' Sign up ']
13:51:20.757 INFO  manager.MyListener - WebDriver start find element-->By.id: name
13:51:20.908 INFO  manager.MyListener - WebDriver start find element-->By.id: lastName
13:51:21.028 INFO  manager.MyListener - WebDriver start find element-->By.id: email
13:51:21.187 INFO  manager.MyListener - WebDriver start find element-->By.id: password
13:51:21.317 INFO  manager.MyListener - WebDriver start find element-->By.cssSelector: label[for='terms-of-use']
13:51:21.480 INFO  manager.MyListener - WebDriver start find element-->By.xpath: //button[@type='submit']
13:51:21.523 INFO  manager.MyListener - WebDriver start find element-->By.xpath: //button[@type='submit']
13:51:23.593 INFO  manager.MyListener - WebDriver start find element-->By.cssSelector: div.dialog-container
13:51:23.624 INFO  manager.MyListener - WebDriver start find element-->By.cssSelector: div.dialog-container h1
13:51:23.669 INFO  manager.MyListener - New Before find by-->By.xpath: //button[text()='Ok']
13:51:23.670 INFO  manager.MyListener - WebDriver start find element-->By.xpath: //button[text()='Ok']
