23:22:06.768 INFO  manager.ApplicationManager - All tests run in Chrome Driver
23:22:08.606 INFO  manager.ApplicationManager - Current Url---->https://ilcarro-1578153671498.web.app/search
23:22:08.643 INFO  tests.TestBase - start test with name-->successLogin
23:22:18.660 INFO  manager.MyListener - New Before find by-->By.xpath: //a[text()=' Logout ']
23:22:18.668 INFO  tests.TestBase - Test start with email:noa@gmail.com & password: Nnoa12345$
23:22:18.669 INFO  manager.MyListener - WebDriver start find element-->By.linkText: Log in
23:22:18.774 INFO  manager.MyListener - WebDriver start find element-->By.xpath: //input[@id='email']
23:22:19.537 INFO  manager.MyListener - WebDriver start find element-->By.xpath: //input[@id='password']
23:22:19.676 INFO  manager.MyListener - WebDriver start find element-->By.xpath: //button[@type='submit']
23:22:19.761 INFO  manager.MyListener - WebDriver start find element-->By.xpath: //button[@type='submit']
23:22:21.827 INFO  manager.MyListener - WebDriver start find element-->By.cssSelector: div.dialog-container
23:22:21.878 INFO  manager.MyListener - WebDriver start find element-->By.cssSelector: div.dialog-container h1
23:22:21.925 INFO  tests.TestBase - Test passed
23:22:21.954 INFO  manager.MyListener - New Before find by-->By.xpath: //button[text()='Ok']
23:22:21.955 INFO  manager.MyListener - WebDriver start find element-->By.xpath: //button[text()='Ok']
23:22:22.016 INFO  tests.TestBase - start test with name-->successLogin
23:22:22.040 INFO  manager.MyListener - New Before find by-->By.xpath: //a[text()=' Logout ']
23:22:22.041 INFO  manager.MyListener - WebDriver start find element-->By.xpath: //a[text()=' Logout ']
23:22:22.147 INFO  tests.TestBase - Test start with logout
23:22:22.148 INFO  tests.TestBase - Test start with email:sonya@gmail.com & password: Ss12345$
23:22:22.148 INFO  manager.MyListener - WebDriver start find element-->By.linkText: Log in
23:22:22.241 INFO  manager.MyListener - WebDriver start find element-->By.xpath: //input[@id='email']
23:22:23.012 INFO  manager.MyListener - WebDriver start find element-->By.xpath: //input[@id='password']
23:22:23.140 INFO  manager.MyListener - WebDriver start find element-->By.xpath: //button[@type='submit']
23:22:23.188 INFO  manager.MyListener - WebDriver start find element-->By.xpath: //button[@type='submit']
23:22:25.253 INFO  manager.MyListener - WebDriver start find element-->By.cssSelector: div.dialog-container
23:22:25.290 INFO  manager.MyListener - WebDriver start find element-->By.cssSelector: div.dialog-container h1
23:22:25.322 INFO  tests.TestBase - Test passed
23:22:25.343 INFO  manager.MyListener - New Before find by-->By.xpath: //button[text()='Ok']
23:22:25.343 INFO  manager.MyListener - WebDriver start find element-->By.xpath: //button[text()='Ok']
23:22:25.402 INFO  tests.TestBase - start test with name-->successLogin
23:22:25.422 INFO  manager.MyListener - New Before find by-->By.xpath: //a[text()=' Logout ']
23:22:25.423 INFO  manager.MyListener - WebDriver start find element-->By.xpath: //a[text()=' Logout ']
23:22:25.528 INFO  tests.TestBase - Test start with logout
23:22:25.529 INFO  tests.TestBase - Test start with email:noa@gmail.com & password: Nnoa12345$
23:22:25.529 INFO  manager.MyListener - WebDriver start find element-->By.linkText: Log in
23:22:25.616 INFO  manager.MyListener - WebDriver start find element-->By.xpath: //input[@id='email']
23:22:26.355 INFO  manager.MyListener - WebDriver start find element-->By.xpath: //input[@id='password']
23:22:26.510 INFO  manager.MyListener - WebDriver start find element-->By.xpath: //button[@type='submit']
23:22:26.562 INFO  manager.MyListener - WebDriver start find element-->By.xpath: //button[@type='submit']
23:22:28.636 INFO  manager.MyListener - WebDriver start find element-->By.cssSelector: div.dialog-container
23:22:28.668 INFO  manager.MyListener - WebDriver start find element-->By.cssSelector: div.dialog-container h1
23:22:28.699 INFO  tests.TestBase - Test passed
23:22:28.715 INFO  manager.MyListener - New Before find by-->By.xpath: //button[text()='Ok']
23:22:28.716 INFO  manager.MyListener - WebDriver start find element-->By.xpath: //button[text()='Ok']
23:22:28.766 INFO  tests.TestBase - start test with name-->successLogin
23:22:28.783 INFO  manager.MyListener - New Before find by-->By.xpath: //a[text()=' Logout ']
23:22:28.783 INFO  manager.MyListener - WebDriver start find element-->By.xpath: //a[text()=' Logout ']
23:22:28.868 INFO  tests.TestBase - Test start with logout
23:22:28.869 INFO  tests.TestBase - Test start with email:sonya@gmail.com & password: Ss12345$
23:22:28.869 INFO  manager.MyListener - WebDriver start find element-->By.linkText: Log in
23:22:28.936 INFO  manager.MyListener - WebDriver start find element-->By.xpath: //input[@id='email']
23:22:29.690 INFO  manager.MyListener - WebDriver start find element-->By.xpath: //input[@id='password']
23:22:29.816 INFO  manager.MyListener - WebDriver start find element-->By.xpath: //button[@type='submit']
23:22:29.857 INFO  manager.MyListener - WebDriver start find element-->By.xpath: //button[@type='submit']
23:22:31.922 INFO  manager.MyListener - WebDriver start find element-->By.cssSelector: div.dialog-container
23:22:31.951 INFO  manager.MyListener - WebDriver start find element-->By.cssSelector: div.dialog-container h1
23:22:31.979 INFO  tests.TestBase - Test passed
23:22:31.994 INFO  manager.MyListener - New Before find by-->By.xpath: //button[text()='Ok']
23:22:31.994 INFO  manager.MyListener - WebDriver start find element-->By.xpath: //button[text()='Ok']
