21:40:18.741 INFO  manager.ApplicationManager - All tests run in Chrome Driver
21:40:20.305 INFO  manager.ApplicationManager - Current Url---->https://ilcarro-1578153671498.web.app/search
21:40:20.337 INFO  tests.TestBase - start test with name-->addNewCarSuccess
21:40:30.395 INFO  manager.MyListener - New Before find by-->By.xpath: //a[text()=' Logout ']
21:40:30.397 INFO  manager.MyListener - WebDriver start find element-->By.linkText: Log in
21:40:30.499 INFO  manager.MyListener - WebDriver start find element-->By.xpath: //input[@id='email']
21:40:30.664 INFO  manager.MyListener - WebDriver start find element-->By.xpath: //input[@id='password']
21:40:30.812 INFO  manager.MyListener - WebDriver start find element-->By.xpath: //button[@type='submit']
21:40:30.899 INFO  manager.MyListener - WebDriver start find element-->By.xpath: //button[@type='submit']
21:40:32.078 INFO  manager.MyListener - New Before find by-->By.xpath: //button[text()='Ok']
21:40:32.078 INFO  manager.MyListener - WebDriver start find element-->By.xpath: //button[text()='Ok']
21:40:33.162 INFO  manager.MyListener - WebDriver start find element-->By.id: 1
21:40:33.293 INFO  manager.MyListener - WebDriver start find element-->By.id: pickUpPlace
21:40:33.479 INFO  manager.MyListener - WebDriver start find element-->By.cssSelector: div.pac-item
21:40:34.449 INFO  manager.MyListener - WebDriver start find element-->By.id: make
21:40:34.598 INFO  manager.MyListener - WebDriver start find element-->By.id: model
21:40:34.752 INFO  manager.MyListener - WebDriver start find element-->By.id: year
21:40:34.910 INFO  manager.MyListener - WebDriver start find element-->By.id: engine
21:40:35.057 INFO  manager.MyListener - WebDriver start find element-->By.id: fuel
21:40:35.188 INFO  manager.MyListener - WebDriver start find element-->By.id: gear
21:40:35.299 INFO  manager.MyListener - WebDriver start find element-->By.id: wheelsDrive
21:40:35.422 INFO  manager.MyListener - WebDriver start find element-->By.id: doors
21:40:35.588 INFO  manager.MyListener - WebDriver start find element-->By.id: seats
21:40:35.749 INFO  manager.MyListener - WebDriver start find element-->By.id: class
21:40:35.885 INFO  manager.MyListener - WebDriver start find element-->By.id: fuelConsumption
21:40:36.035 INFO  manager.MyListener - WebDriver start find element-->By.id: serialNumber
21:40:36.198 INFO  manager.MyListener - WebDriver start find element-->By.id: price
21:40:36.385 INFO  manager.MyListener - WebDriver start find element-->By.id: distance
21:40:36.552 INFO  manager.MyListener - WebDriver start find element-->By.cssSelector: input[placeholder='Type feature']
21:40:36.705 INFO  manager.MyListener - WebDriver start find element-->By.id: about
21:40:36.843 INFO  manager.MyListener - WebDriver start find element-->By.id: photos
21:40:36.912 INFO  manager.MyListener - WebDriver start find element-->By.xpath: //button[@type='submit']
21:40:39.075 INFO  manager.MyListener - WebDriver start find element-->By.xpath: //button[@type='submit']
21:40:41.146 INFO  manager.MyListener - WebDriver start find element-->By.cssSelector: div.dialog-container
21:40:41.181 INFO  manager.MyListener - WebDriver start find element-->By.cssSelector: div.dialog-container h1
21:40:41.221 INFO  manager.MyListener - WebDriver start find element-->By.xpath: //button[text()='Search cars']
21:40:41.280 INFO  tests.TestBase - start test with name-->loginNegativeTestsWrongEmail
21:40:41.304 INFO  manager.MyListener - New Before find by-->By.xpath: //a[text()=' Logout ']
21:40:41.304 INFO  manager.MyListener - WebDriver start find element-->By.xpath: //a[text()=' Logout ']
21:40:41.454 INFO  tests.TestBase - Test start with logout
21:40:41.455 INFO  manager.MyListener - WebDriver start find element-->By.linkText: Log in
21:40:41.528 INFO  manager.MyListener - WebDriver start find element-->By.xpath: //input[@id='email']
21:40:42.305 INFO  manager.MyListener - WebDriver start find element-->By.xpath: //input[@id='password']
21:40:42.435 INFO  manager.MyListener - WebDriver start find element-->By.xpath: //button[@type='submit']
21:40:57.798 INFO  manager.MyListener - New Before find by-->By.xpath: //button[text()='Ok']
21:40:57.800 INFO  tests.TestBase - start test with name-->successLogin
21:41:07.866 INFO  manager.MyListener - New Before find by-->By.xpath: //a[text()=' Logout ']
21:41:07.867 INFO  tests.TestBase - Test start with email: 'noa@gmail.com' & password 'Nnoa12345$'
21:41:07.867 INFO  manager.MyListener - WebDriver start find element-->By.linkText: Log in
21:41:07.942 INFO  manager.MyListener - WebDriver start find element-->By.xpath: //input[@id='email']
21:41:08.610 INFO  manager.MyListener - WebDriver start find element-->By.xpath: //input[@id='password']
21:41:08.756 INFO  manager.MyListener - WebDriver start find element-->By.xpath: //button[@type='submit']
21:41:08.803 INFO  manager.MyListener - WebDriver start find element-->By.xpath: //button[@type='submit']
21:41:10.871 INFO  manager.MyListener - WebDriver start find element-->By.cssSelector: div.dialog-container
21:41:10.909 INFO  manager.MyListener - WebDriver start find element-->By.cssSelector: div.dialog-container h1
21:41:10.942 INFO  tests.TestBase - Test passed
21:41:10.957 INFO  manager.MyListener - New Before find by-->By.xpath: //button[text()='Ok']
21:41:10.957 INFO  manager.MyListener - WebDriver start find element-->By.xpath: //button[text()='Ok']
21:41:11.011 INFO  tests.TestBase - start test with name-->successLogin2
21:41:11.025 INFO  manager.MyListener - New Before find by-->By.xpath: //a[text()=' Logout ']
21:41:11.026 INFO  manager.MyListener - WebDriver start find element-->By.xpath: //a[text()=' Logout ']
21:41:11.116 INFO  tests.TestBase - Test start with logout
21:41:11.117 INFO  manager.MyListener - WebDriver start find element-->By.linkText: Log in
21:41:11.191 INFO  manager.MyListener - WebDriver start find element-->By.xpath: //input[@id='email']
21:41:11.902 INFO  manager.MyListener - WebDriver start find element-->By.xpath: //input[@id='password']
21:41:12.015 INFO  manager.MyListener - WebDriver start find element-->By.xpath: //button[@type='submit']
21:41:12.057 INFO  manager.MyListener - WebDriver start find element-->By.xpath: //button[@type='submit']
21:41:14.113 INFO  manager.MyListener - WebDriver start find element-->By.cssSelector: div.dialog-container
21:41:14.142 INFO  manager.MyListener - WebDriver start find element-->By.cssSelector: div.dialog-container h1
21:41:14.185 INFO  manager.MyListener - New Before find by-->By.xpath: //button[text()='Ok']
21:41:14.186 INFO  manager.MyListener - WebDriver start find element-->By.xpath: //button[text()='Ok']
21:41:14.233 INFO  tests.TestBase - start test with name-->registrationSuccess
21:41:14.248 INFO  manager.MyListener - New Before find by-->By.xpath: //a[text()=' Logout ']
21:41:14.249 INFO  manager.MyListener - WebDriver start find element-->By.xpath: //a[text()=' Logout ']
21:41:14.330 INFO  manager.MyListener - WebDriver start find element-->By.xpath: //a[text()=' Sign up ']
21:41:14.407 INFO  manager.MyListener - WebDriver start find element-->By.id: name
21:41:14.531 INFO  manager.MyListener - WebDriver start find element-->By.id: lastName
21:41:14.667 INFO  manager.MyListener - WebDriver start find element-->By.id: email
21:41:14.815 INFO  manager.MyListener - WebDriver start find element-->By.id: password
21:41:14.947 INFO  manager.MyListener - WebDriver start find element-->By.cssSelector: label[for='terms-of-use']
21:41:15.127 INFO  manager.MyListener - WebDriver start find element-->By.xpath: //button[@type='submit']
21:41:15.173 INFO  manager.MyListener - WebDriver start find element-->By.xpath: //button[@type='submit']
21:41:17.240 INFO  manager.MyListener - WebDriver start find element-->By.cssSelector: div.dialog-container
21:41:17.267 INFO  manager.MyListener - WebDriver start find element-->By.cssSelector: div.dialog-container h1
21:41:17.311 INFO  manager.MyListener - New Before find by-->By.xpath: //button[text()='Ok']
21:41:17.311 INFO  manager.MyListener - WebDriver start find element-->By.xpath: //button[text()='Ok']
21:41:17.364 INFO  tests.TestBase - start test with name-->registrationSuccess2
21:41:17.380 INFO  manager.MyListener - New Before find by-->By.xpath: //a[text()=' Logout ']
21:41:17.380 INFO  manager.MyListener - WebDriver start find element-->By.xpath: //a[text()=' Logout ']
21:41:17.481 INFO  manager.MyListener - WebDriver start find element-->By.xpath: //a[text()=' Sign up ']
21:41:17.555 INFO  manager.MyListener - WebDriver start find element-->By.id: name
21:41:17.684 INFO  manager.MyListener - WebDriver start find element-->By.id: lastName
21:41:17.812 INFO  manager.MyListener - WebDriver start find element-->By.id: email
21:41:17.957 INFO  manager.MyListener - WebDriver start find element-->By.id: password
21:41:18.080 INFO  manager.MyListener - WebDriver start find element-->By.cssSelector: label[for='terms-of-use']
21:41:18.235 INFO  manager.MyListener - WebDriver start find element-->By.xpath: //button[@type='submit']
21:41:18.276 INFO  manager.MyListener - WebDriver start find element-->By.xpath: //button[@type='submit']
21:41:20.335 INFO  manager.MyListener - WebDriver start find element-->By.cssSelector: div.dialog-container
21:41:20.363 INFO  manager.MyListener - WebDriver start find element-->By.cssSelector: div.dialog-container h1
21:41:20.404 INFO  manager.MyListener - New Before find by-->By.xpath: //button[text()='Ok']
21:41:20.404 INFO  manager.MyListener - WebDriver start find element-->By.xpath: //button[text()='Ok']
21:41:20.453 INFO  tests.TestBase - start test with name-->registrationWrongPasswordFormat
21:41:20.468 INFO  manager.MyListener - New Before find by-->By.xpath: //a[text()=' Logout ']
21:41:20.468 INFO  manager.MyListener - WebDriver start find element-->By.xpath: //a[text()=' Logout ']
21:41:20.558 INFO  manager.MyListener - WebDriver start find element-->By.xpath: //a[text()=' Sign up ']
21:41:20.628 INFO  manager.MyListener - WebDriver start find element-->By.id: name
21:41:20.767 INFO  manager.MyListener - WebDriver start find element-->By.id: lastName
21:41:20.881 INFO  manager.MyListener - WebDriver start find element-->By.id: email
21:41:21.015 INFO  manager.MyListener - WebDriver start find element-->By.id: password
21:41:21.129 INFO  manager.MyListener - WebDriver start find element-->By.cssSelector: label[for='terms-of-use']
21:41:21.281 INFO  manager.MyListener - WebDriver start find element-->By.cssSelector: div.error div:last-child
21:41:21.316 INFO  manager.MyListener - WebDriver start find element-->By.cssSelector: div.error div:first-child
21:41:21.366 INFO  manager.MyListener - New Before find by-->By.cssSelector: button[disabled]
21:41:21.367 INFO  manager.MyListener - WebDriver start find element-->By.cssSelector: [type='submit']
21:41:31.456 INFO  manager.MyListener - New Before find by-->By.xpath: //button[text()='Ok']
21:41:31.457 INFO  tests.TestBase - start test with name-->searchAnyPeriod
21:41:31.457 INFO  manager.MyListener - WebDriver start find element-->By.id: city
21:41:41.483 INFO  manager.MyListener - The name of method with Error--->findElement
21:41:41.484 INFO  manager.MyListener - We have a problem--->org.openqa.selenium.NoSuchElementException: no such element: Unable to locate element: {"method":"css selector","selector":"#city"}
  (Session info: chrome=103.0.5060.114)
For documentation on this error, please visit: https://selenium.dev/exceptions/#no_such_element
Build info: version: '4.1.4', revision: '535d840ee2'
System info: host: 'BENNY-PC', ip: '192.168.56.1', os.name: 'Windows 10', os.arch: 'amd64', os.version: '10.0', java.version: '11.0.15.1'
Driver info: org.openqa.selenium.chrome.ChromeDriver
Command: [5b21d78ba0d1c575ef0b773fb2cc1836, findElement {using=id, value=city}]
Capabilities {acceptInsecureCerts: false, browserName: chrome, browserVersion: 103.0.5060.114, chrome: {chromedriverVersion: 102.0.5005.61 (0e59bcc00cc4..., userDataDir: C:\Users\Alla\AppData\Local...}, goog:chromeOptions: {debuggerAddress: localhost:58984}, javascriptEnabled: true, networkConnectionEnabled: false, pageLoadStrategy: normal, platform: WINDOWS, platformName: WINDOWS, proxy: Proxy(), se:cdp: ws://localhost:58984/devtoo..., se:cdpVersion: 103.0.5060.114, setWindowRect: true, strictFileInteractability: false, timeouts: {implicit: 0, pageLoad: 300000, script: 30000}, unhandledPromptBehavior: dismiss and notify, webauthn:extension:credBlob: true, webauthn:extension:largeBlob: true, webauthn:virtualAuthenticators: true}
Session ID: 5b21d78ba0d1c575ef0b773fb2cc1836
21:41:41.485 INFO  manager.MyListener - WebDriver start find element-->By.cssSelector: .logo
21:41:41.923 INFO  tests.TestBase - start test with name-->searchCurrentMonth
21:41:41.924 INFO  manager.MyListener - WebDriver start find element-->By.id: city
21:41:42.613 INFO  manager.MyListener - WebDriver start find element-->By.cssSelector: .pac-item
21:41:42.671 INFO  manager.MyListener - WebDriver start find element-->By.id: dates
21:41:42.763 INFO  manager.MyListener - WebDriver start find element-->By.id: dates
21:41:42.895 INFO  manager.MyListener - WebDriver start find element-->By.xpath: //div[text()=' 28 ']
21:41:43.007 INFO  manager.MyListener - WebDriver start find element-->By.xpath: //div[text()=' 27 ']
21:41:43.089 INFO  manager.MyListener - WebDriver start find element-->By.xpath: //button[@type='submit']
21:41:43.132 INFO  manager.MyListener - WebDriver start find element-->By.xpath: //button[@type='submit']
21:41:44.115 INFO  manager.MyListener - New Before find by-->By.cssSelector: .cars-container.ng-star-inserted
21:41:44.330 INFO  manager.MyListener - WebDriver start find element-->By.cssSelector: .logo
21:41:44.591 INFO  tests.TestBase - start test with name-->searchCurrentYear
21:41:44.593 INFO  manager.MyListener - WebDriver start find element-->By.id: city
21:41:45.282 INFO  manager.MyListener - WebDriver start find element-->By.cssSelector: .pac-item
21:41:45.332 INFO  manager.MyListener - WebDriver start find element-->By.id: dates
21:41:45.421 INFO  manager.MyListener - WebDriver start find element-->By.id: dates
21:41:45.506 INFO  manager.MyListener - WebDriver start find element-->By.xpath: //button[@aria-label='Next month']
21:41:45.588 INFO  manager.MyListener - WebDriver start find element-->By.xpath: //div[text()=' 10 ']
21:41:45.692 INFO  manager.MyListener - WebDriver start find element-->By.xpath: //button[@aria-label='Next month']
21:41:45.769 INFO  manager.MyListener - WebDriver start find element-->By.xpath: //button[@aria-label='Next month']
21:41:45.832 INFO  manager.MyListener - WebDriver start find element-->By.xpath: //div[text()=' 20 ']
21:41:45.908 INFO  manager.MyListener - WebDriver start find element-->By.xpath: //button[@type='submit']
21:41:45.960 INFO  manager.MyListener - WebDriver start find element-->By.xpath: //button[@type='submit']
21:41:46.723 INFO  manager.MyListener - New Before find by-->By.cssSelector: .cars-container.ng-star-inserted
21:41:47.022 INFO  manager.MyListener - WebDriver start find element-->By.cssSelector: .logo
21:41:47.250 INFO  tests.TestBase - start test with name-->searchCurrentYearLocalDate
21:41:47.252 INFO  manager.MyListener - WebDriver start find element-->By.id: city
21:41:47.929 INFO  manager.MyListener - WebDriver start find element-->By.cssSelector: .pac-item
21:41:47.978 INFO  manager.MyListener - WebDriver start find element-->By.id: dates
21:41:48.071 INFO  manager.MyListener - WebDriver start find element-->By.id: dates
21:41:48.152 INFO  manager.MyListener - WebDriver start find element-->By.xpath: //button[@aria-label='Next month']
21:41:48.230 INFO  manager.MyListener - WebDriver start find element-->By.xpath: //div[text()=' 10 ']
21:41:48.325 INFO  manager.MyListener - WebDriver start find element-->By.xpath: //button[@aria-label='Next month']
21:41:48.400 INFO  manager.MyListener - WebDriver start find element-->By.xpath: //button[@aria-label='Next month']
21:41:48.462 INFO  manager.MyListener - WebDriver start find element-->By.xpath: //div[text()=' 20 ']
21:41:48.538 INFO  manager.MyListener - WebDriver start find element-->By.xpath: //button[@type='submit']
21:41:48.576 INFO  manager.MyListener - WebDriver start find element-->By.xpath: //button[@type='submit']
21:41:49.675 INFO  manager.MyListener - New Before find by-->By.cssSelector: .cars-container.ng-star-inserted
21:41:50.015 INFO  manager.MyListener - WebDriver start find element-->By.cssSelector: .logo
21:41:50.257 INFO  tests.TestBase - start test with name-->searchNextMonth
21:41:50.257 INFO  manager.MyListener - WebDriver start find element-->By.id: city
21:41:50.957 INFO  manager.MyListener - WebDriver start find element-->By.cssSelector: .pac-item
21:41:51.008 INFO  manager.MyListener - WebDriver start find element-->By.id: dates
21:41:51.088 INFO  manager.MyListener - WebDriver start find element-->By.id: dates
21:41:51.136 INFO  manager.MyListener - WebDriver start find element-->By.id: dates
21:41:51.213 INFO  manager.MyListener - WebDriver start find element-->By.xpath: //button[@aria-label='Next month']
21:41:51.289 INFO  manager.MyListener - WebDriver start find element-->By.xpath: //div[text()=' 28 ']
21:41:51.371 INFO  manager.MyListener - WebDriver start find element-->By.xpath: //div[text()=' 27 ']
21:41:51.447 INFO  manager.MyListener - WebDriver start find element-->By.xpath: //button[@type='submit']
21:41:51.487 INFO  manager.MyListener - WebDriver start find element-->By.xpath: //button[@type='submit']
21:41:52.520 INFO  manager.MyListener - New Before find by-->By.cssSelector: .cars-container.ng-star-inserted
21:41:53.054 INFO  manager.MyListener - WebDriver start find element-->By.cssSelector: .logo
21:41:53.302 INFO  tests.TestBase - start test with name-->searchPeriodPast
21:41:53.304 INFO  manager.MyListener - WebDriver start find element-->By.id: city
21:41:53.996 INFO  manager.MyListener - WebDriver start find element-->By.cssSelector: .pac-item
21:41:54.049 INFO  manager.MyListener - WebDriver start find element-->By.id: dates
21:41:54.153 INFO  manager.MyListener - WebDriver start find element-->By.id: dates
21:41:54.470 INFO  manager.MyListener - WebDriver start find element-->By.cssSelector: .cdk-overlay-container
21:41:54.533 INFO  manager.MyListener - WebDriver start find element-->By.xpath: //button[@type='submit']
21:41:54.602 INFO  manager.MyListener - New Before find by-->By.cssSelector: button[disabled]
21:41:54.602 INFO  manager.MyListener - WebDriver start find element-->By.cssSelector: [type='submit']
21:41:54.625 INFO  manager.MyListener - WebDriver start find element-->By.cssSelector: div.error div
21:41:54.669 INFO  manager.MyListener - WebDriver start find element-->By.cssSelector: .logo
